<?xml version="1.0" encoding="UTF-8"?>
<!-- Generated by org.testng.reporters.JUnitReportReporter -->
<testsuite hostname="rganjare" failures="0" tests="1" name="runner.RunnerCuke" time="18.624" errors="0" timestamp="2024-12-26T15:53:32 IST" skipped="0">
  <testcase classname="runner.RunnerCuke" name="runScenario" time="18.624"/>
</testsuite> <!-- runner.RunnerCuke -->
